<?xml version="1.0" encoding="UTF-8"?>
<testng-results ignored="0" total="1" passed="1" failed="0" skipped="0">
  <reporter-output>
  </reporter-output>
  <suite started-at="2023-03-15T12:32:57 IST" name="Default suite" finished-at="2023-03-15T12:34:08 IST" duration-ms="70589">
    <groups>
      <group name="cucumber">
        <method signature="AbstractTestNGCucumberTests.runScenario(io.cucumber.testng.PickleWrapper,io.cucumber.testng.FeatureWrapper)[pri:0, instance:com.run.TestRunner@77c2494c]" name="runScenario" class="io.cucumber.testng.AbstractTestNGCucumberTests"/>
      </group> <!-- cucumber -->
    </groups>
    <test started-at="2023-03-15T12:32:57 IST" name="Default test" finished-at="2023-03-15T12:34:08 IST" duration-ms="70589">
      <class name="com.run.TestRunner">
        <test-method is-config="true" signature="setUpClass(org.testng.ITestContext)[pri:0, instance:com.run.TestRunner@77c2494c]" started-at="2023-03-15T12:32:57 IST" name="setUpClass" finished-at="2023-03-15T12:32:57 IST" duration-ms="224" status="PASS">
          <params>
            <param index="0">
              <value>
                <![CDATA[org.testng.TestRunner@74123110]]>
              </value>
            </param>
          </params>
          <reporter-output>
          </reporter-output>
        </test-method> <!-- setUpClass -->
        <test-method signature="runScenario(io.cucumber.testng.PickleWrapper,io.cucumber.testng.FeatureWrapper)[pri:0, instance:com.run.TestRunner@77c2494c]" started-at="2023-03-15T12:32:57 IST" name="runScenario" description="Runs Cucumber Scenarios" data-provider="scenarios" finished-at="2023-03-15T12:34:08 IST" duration-ms="70261" status="PASS">
          <params>
            <param index="0">
              <value>
                <![CDATA["End to End Credentials"]]>
              </value>
            </param>
            <param index="1">
              <value>
                <![CDATA["Adactin page validation"]]>
              </value>
            </param>
          </params>
          <reporter-output>
          </reporter-output>
        </test-method> <!-- runScenario -->
        <test-method is-config="true" signature="tearDownClass()[pri:0, instance:com.run.TestRunner@77c2494c]" started-at="2023-03-15T12:34:08 IST" name="tearDownClass" finished-at="2023-03-15T12:34:08 IST" duration-ms="48" status="PASS">
          <reporter-output>
          </reporter-output>
        </test-method> <!-- tearDownClass -->
      </class> <!-- com.run.TestRunner -->
    </test> <!-- Default test -->
  </suite> <!-- Default suite -->
</testng-results>
